<?xml version="1.0" encoding="UTF-8"?>
<!-- Generated by org.testng.reporters.JUnitReportReporter -->
<testsuite hostname="DESKTOP-2MIKFUM" failures="0" tests="3" name="FileDownload.DownloadFile" time="12.296" errors="0" timestamp="2023-12-07T14:29:13 PKT" skipped="0">
  <testcase classname="FileDownload.DownloadFile" name="launchbrowser" time="5.583"/>
  <testcase classname="FileDownload.DownloadFile" name="downloadFile" time="6.708"/>
  <testcase classname="FileDownload.DownloadFile" name="isFileExist" time="0.005"/>
</testsuite> <!-- FileDownload.DownloadFile -->
