<?xml version="1.0" encoding="UTF-8"?>
<!-- Generated by org.testng.reporters.JUnitReportReporter -->
<testsuite hostname="DESKTOP-2MIKFUM" failures="0" tests="2" name="HandlingWebElements.SwitchBetweenAlerts" time="11.882" errors="0" timestamp="2023-12-04T23:41:46 PKT" skipped="0">
  <testcase classname="HandlingWebElements.SwitchBetweenAlerts" name="launchbrowser" time="4.687"/>
  <testcase classname="HandlingWebElements.SwitchBetweenAlerts" name="switchBetweenAlerts" time="7.195"/>
</testsuite> <!-- HandlingWebElements.SwitchBetweenAlerts -->
