<?xml version="1.0" encoding="UTF-8"?>
<!-- Generated by org.testng.reporters.JUnitReportReporter -->
<testsuite hostname="DESKTOP-2MIKFUM" failures="0" tests="2" name="HandlingWebElements.SwitchingBetweenWindows" time="15.050" errors="0" timestamp="2023-12-04T14:06:08 PKT" skipped="0">
  <testcase classname="HandlingWebElements.SwitchingBetweenWindows" name="launchbrowser" time="4.703"/>
  <testcase classname="HandlingWebElements.SwitchingBetweenWindows" name="SwitchingWindows" time="10.347"/>
</testsuite> <!-- HandlingWebElements.SwitchingBetweenWindows -->
