<?xml version="1.0" encoding="UTF-8"?>
<!-- Generated by org.testng.reporters.JUnitReportReporter -->
<testsuite hostname="DESKTOP-2MIKFUM" failures="0" tests="2" name="SwitchBetweenAlerts.AlertWithTextBox" time="27.829" errors="0" timestamp="2023-12-05T14:49:54 PKT" skipped="0">
  <testcase classname="SwitchBetweenAlerts.AlertWithTextBox" name="launchbrowser" time="4.488"/>
  <testcase classname="SwitchBetweenAlerts.AlertWithTextBox" name="alertWithTextBox" time="23.341"/>
</testsuite> <!-- SwitchBetweenAlerts.AlertWithTextBox -->
