<?xml version="1.0" encoding="UTF-8"?>
<!-- Generated by org.testng.reporters.JUnitReportReporter -->
<testsuite hostname="DESKTOP-2MIKFUM" failures="0" tests="2" name="Authentications.PopupAuthentication" time="29.255" errors="0" timestamp="2023-12-07T11:37:54 PKT" skipped="0">
  <testcase classname="Authentications.PopupAuthentication" name="launchbrowser" time="5.466"/>
  <testcase classname="Authentications.PopupAuthentication" name="popupAuthentication" time="23.789"/>
</testsuite> <!-- Authentications.PopupAuthentication -->
