<?xml version="1.0" encoding="UTF-8"?>
<!-- Generated by org.testng.reporters.JUnitReportReporter -->
<testsuite hostname="DESKTOP-2MIKFUM" failures="0" tests="1" name="ActionClass.Slider" time="4.291" errors="0" timestamp="2023-12-06T13:22:54 PKT" skipped="0">
  <testcase classname="ActionClass.Slider" name="launchbrowser" time="4.291"/>
</testsuite> <!-- ActionClass.Slider -->
