<?xml version="1.0" encoding="UTF-8"?>
<!-- Generated by org.testng.reporters.JUnitReportReporter -->
<testsuite hostname="DESKTOP-2MIKFUM" failures="0" tests="2" name="FileDownload.UploadFileUsingSikuli" time="19.861" errors="0" timestamp="2023-12-07T12:41:36 PKT" skipped="0">
  <testcase classname="FileDownload.UploadFileUsingSikuli" name="launchbrowser" time="8.356"/>
  <testcase classname="FileDownload.UploadFileUsingSikuli" name="uploadFile" time="11.505"/>
</testsuite> <!-- FileDownload.UploadFileUsingSikuli -->
