<?xml version="1.0" encoding="UTF-8"?>
<!-- Generated by org.testng.reporters.JUnitReportReporter -->
<testsuite hostname="DESKTOP-2MIKFUM" failures="0" tests="2" name="ActionClass.DragAndDrop" time="10.392" errors="0" timestamp="2023-12-06T13:01:53 PKT" skipped="0">
  <testcase classname="ActionClass.DragAndDrop" name="launchbrowser" time="4.885"/>
  <testcase classname="ActionClass.DragAndDrop" name="dragAndDrop" time="5.507"/>
</testsuite> <!-- ActionClass.DragAndDrop -->
