<?xml version="1.0" encoding="UTF-8"?>
<!-- Generated by org.testng.reporters.JUnitReportReporter -->
<testsuite hostname="DESKTOP-2MIKFUM" failures="0" tests="2" name="HandlingWebElements.VolenteerSignUpForm" time="6.612" errors="0" timestamp="2023-12-04T14:32:53 PKT" skipped="0">
  <testcase classname="HandlingWebElements.VolenteerSignUpForm" name="launchbrowser" time="3.652"/>
  <testcase classname="HandlingWebElements.VolenteerSignUpForm" name="SignUp" time="2.960"/>
</testsuite> <!-- HandlingWebElements.VolenteerSignUpForm -->
