<?xml version="1.0" encoding="UTF-8"?>
<!-- Generated by org.testng.reporters.JUnitReportReporter -->
<testsuite hostname="DESKTOP-2MIKFUM" failures="0" tests="2" name="SeleniumTests.LoginTest" time="15.872" errors="0" timestamp="2023-11-10T22:04:50 PKT" skipped="0">
  <testcase classname="SeleniumTests.LoginTest" name="login" time="11.887"/>
  <testcase classname="SeleniumTests.LoginTest" name="launchbrowser" time="3.985"/>
</testsuite> <!-- SeleniumTests.LoginTest -->
