<?xml version="1.0" encoding="UTF-8"?>
<!-- Generated by org.testng.reporters.JUnitReportReporter -->
<testsuite hostname="DESKTOP-2MIKFUM" failures="0" tests="2" name="ActionClass.Resizable" time="13.046" errors="0" timestamp="2023-12-06T13:36:09 PKT" skipped="0">
  <testcase classname="ActionClass.Resizable" name="launchbrowser" time="4.637"/>
  <testcase classname="ActionClass.Resizable" name="resizable" time="8.409"/>
</testsuite> <!-- ActionClass.Resizable -->
