<?xml version="1.0" encoding="UTF-8"?>
<!-- Generated by org.testng.reporters.JUnitReportReporter -->
<testsuite hostname="DESKTOP-2MIKFUM" failures="0" tests="2" name="SwitchBetweenAlerts.AlertWithOKandCancleButton" time="27.730" errors="0" timestamp="2023-12-05T14:09:13 PKT" skipped="0">
  <testcase classname="SwitchBetweenAlerts.AlertWithOKandCancleButton" name="launchbrowser" time="4.350"/>
  <testcase classname="SwitchBetweenAlerts.AlertWithOKandCancleButton" name="alertWithOkandCancleButton" time="23.380"/>
</testsuite> <!-- SwitchBetweenAlerts.AlertWithOKandCancleButton -->
