<?xml version="1.0" encoding="UTF-8"?>
<!-- Generated by org.testng.reporters.JUnitReportReporter -->
<testsuite hostname="DESKTOP-2MIKFUM" failures="0" tests="2" name="HandlingWebElements.DropDownTest" time="15.781" errors="0" timestamp="2023-12-02T15:14:48 PKT" skipped="0">
  <testcase classname="HandlingWebElements.DropDownTest" name="launchbrowser" time="7.912"/>
  <testcase classname="HandlingWebElements.DropDownTest" name="verifyDropDownStoredOptions" time="7.869"/>
</testsuite> <!-- HandlingWebElements.DropDownTest -->
