<?xml version="1.0" encoding="UTF-8"?>
<!-- Generated by org.testng.reporters.JUnitReportReporter -->
<testsuite hostname="DESKTOP-2MIKFUM" failures="0" tests="2" name="ActionClass.MouseRightClick" time="9.519" errors="0" timestamp="2023-12-06T12:15:54 PKT" skipped="0">
  <testcase classname="ActionClass.MouseRightClick" name="launchbrowser" time="8.519"/>
  <testcase classname="ActionClass.MouseRightClick" name="mouseRightClick" time="1.000"/>
</testsuite> <!-- ActionClass.MouseRightClick -->
